{"E:\\Users\\Paulo\\Documents\\Projetos\\Node\\clean-node-api\\src\\presentation\\controllers\\signup.ts": {"path":"E:\\Users\\Paulo\\Documents\\Projetos\\Node\\clean-node-api\\src\\presentation\\controllers\\signup.ts","all":false,"statementMap":{"0":{"start":{"line":1,"column":0},"end":{"line":1,"column":61}},"1":{"start":{"line":2,"column":0},"end":{"line":2,"column":64}},"2":{"start":{"line":3,"column":0},"end":{"line":3,"column":64}},"3":{"start":{"line":4,"column":0},"end":{"line":4,"column":52}},"4":{"start":{"line":5,"column":0},"end":{"line":5,"column":61}},"5":{"start":{"line":6,"column":0},"end":{"line":6,"column":0}},"6":{"start":{"line":7,"column":0},"end":{"line":7,"column":53}},"7":{"start":{"line":8,"column":0},"end":{"line":8,"column":49}},"8":{"start":{"line":9,"column":0},"end":{"line":9,"column":48}},"9":{"start":{"line":10,"column":0},"end":{"line":10,"column":40}},"10":{"start":{"line":11,"column":0},"end":{"line":11,"column":3}},"11":{"start":{"line":12,"column":0},"end":{"line":12,"column":0}},"12":{"start":{"line":13,"column":0},"end":{"line":13,"column":51}},"13":{"start":{"line":14,"column":0},"end":{"line":14,"column":9}},"14":{"start":{"line":15,"column":0},"end":{"line":15,"column":82}},"15":{"start":{"line":16,"column":0},"end":{"line":16,"column":43}},"16":{"start":{"line":17,"column":0},"end":{"line":17,"column":39}},"17":{"start":{"line":18,"column":0},"end":{"line":18,"column":57}},"18":{"start":{"line":19,"column":0},"end":{"line":19,"column":9}},"19":{"start":{"line":20,"column":0},"end":{"line":20,"column":7}},"20":{"start":{"line":21,"column":0},"end":{"line":21,"column":73}},"21":{"start":{"line":22,"column":0},"end":{"line":22,"column":0}},"22":{"start":{"line":23,"column":0},"end":{"line":23,"column":21}},"23":{"start":{"line":24,"column":0},"end":{"line":24,"column":57}},"24":{"start":{"line":25,"column":0},"end":{"line":25,"column":7}},"25":{"start":{"line":26,"column":0},"end":{"line":26,"column":21}},"26":{"start":{"line":27,"column":0},"end":{"line":27,"column":26}},"27":{"start":{"line":28,"column":0},"end":{"line":28,"column":5}},"28":{"start":{"line":29,"column":0},"end":{"line":29,"column":0}},"29":{"start":{"line":30,"column":0},"end":{"line":30,"column":53}},"30":{"start":{"line":31,"column":0},"end":{"line":31,"column":3}},"31":{"start":{"line":32,"column":0},"end":{"line":32,"column":1}}},"s":{"0":1,"1":1,"2":1,"3":1,"4":1,"5":1,"6":1,"7":1,"8":1,"9":7,"10":7,"11":1,"12":1,"13":7,"14":7,"15":7,"16":22,"17":4,"18":4,"19":22,"20":3,"21":3,"22":7,"23":2,"24":2,"25":7,"26":1,"27":1,"28":0,"29":0,"30":0,"31":1},"branchMap":{"0":{"type":"branch","line":9,"loc":{"start":{"line":9,"column":2},"end":{"line":11,"column":3}},"locations":[{"start":{"line":9,"column":2},"end":{"line":11,"column":3}}]},"1":{"type":"branch","line":13,"loc":{"start":{"line":13,"column":2},"end":{"line":31,"column":3}},"locations":[{"start":{"line":13,"column":2},"end":{"line":31,"column":3}}]},"2":{"type":"branch","line":16,"loc":{"start":{"line":16,"column":42},"end":{"line":20,"column":7}},"locations":[{"start":{"line":16,"column":42},"end":{"line":20,"column":7}}]},"3":{"type":"branch","line":17,"loc":{"start":{"line":17,"column":38},"end":{"line":19,"column":9}},"locations":[{"start":{"line":17,"column":38},"end":{"line":19,"column":9}}]},"4":{"type":"branch","line":21,"loc":{"start":{"line":21,"column":-2},"end":{"line":23,"column":20}},"locations":[{"start":{"line":21,"column":-2},"end":{"line":23,"column":20}}]},"5":{"type":"branch","line":23,"loc":{"start":{"line":23,"column":20},"end":{"line":25,"column":7}},"locations":[{"start":{"line":23,"column":20},"end":{"line":25,"column":7}}]},"6":{"type":"branch","line":26,"loc":{"start":{"line":26,"column":6},"end":{"line":28,"column":5}},"locations":[{"start":{"line":26,"column":6},"end":{"line":28,"column":5}}]},"7":{"type":"branch","line":29,"loc":{"start":{"line":29,"column":-2},"end":{"line":31,"column":3}},"locations":[{"start":{"line":29,"column":-2},"end":{"line":31,"column":3}}]}},"b":{"0":[7],"1":[7],"2":[22],"3":[4],"4":[3],"5":[2],"6":[1],"7":[0]},"fnMap":{"0":{"name":"SignUpController","decl":{"start":{"line":9,"column":2},"end":{"line":11,"column":3}},"loc":{"start":{"line":9,"column":2},"end":{"line":11,"column":3}},"line":9},"1":{"name":"handle","decl":{"start":{"line":13,"column":2},"end":{"line":31,"column":3}},"loc":{"start":{"line":13,"column":2},"end":{"line":31,"column":3}},"line":13}},"f":{"0":7,"1":7}}
,"E:\\Users\\Paulo\\Documents\\Projetos\\Node\\clean-node-api\\src\\presentation\\erros\\index.ts": {"path":"E:\\Users\\Paulo\\Documents\\Projetos\\Node\\clean-node-api\\src\\presentation\\erros\\index.ts","all":false,"statementMap":{"0":{"start":{"line":1,"column":0},"end":{"line":1,"column":37}},"1":{"start":{"line":2,"column":0},"end":{"line":2,"column":37}},"2":{"start":{"line":3,"column":0},"end":{"line":3,"column":30}}},"s":{"0":1,"1":1,"2":1},"branchMap":{},"b":{},"fnMap":{},"f":{}}
,"E:\\Users\\Paulo\\Documents\\Projetos\\Node\\clean-node-api\\src\\presentation\\erros\\invalid-param-error.ts": {"path":"E:\\Users\\Paulo\\Documents\\Projetos\\Node\\clean-node-api\\src\\presentation\\erros\\invalid-param-error.ts","all":false,"statementMap":{"0":{"start":{"line":1,"column":0},"end":{"line":1,"column":46}},"1":{"start":{"line":2,"column":0},"end":{"line":2,"column":35}},"2":{"start":{"line":3,"column":0},"end":{"line":3,"column":40}},"3":{"start":{"line":4,"column":0},"end":{"line":4,"column":35}},"4":{"start":{"line":5,"column":0},"end":{"line":5,"column":3}},"5":{"start":{"line":6,"column":0},"end":{"line":6,"column":1}}},"s":{"0":1,"1":1,"2":3,"3":3,"4":3,"5":1},"branchMap":{"0":{"type":"branch","line":2,"loc":{"start":{"line":2,"column":2},"end":{"line":5,"column":3}},"locations":[{"start":{"line":2,"column":2},"end":{"line":5,"column":3}}]}},"b":{"0":[3]},"fnMap":{"0":{"name":"InvalidParamError","decl":{"start":{"line":2,"column":2},"end":{"line":5,"column":3}},"loc":{"start":{"line":2,"column":2},"end":{"line":5,"column":3}},"line":2}},"f":{"0":3}}
,"E:\\Users\\Paulo\\Documents\\Projetos\\Node\\clean-node-api\\src\\presentation\\erros\\missing-param-error.ts": {"path":"E:\\Users\\Paulo\\Documents\\Projetos\\Node\\clean-node-api\\src\\presentation\\erros\\missing-param-error.ts","all":false,"statementMap":{"0":{"start":{"line":1,"column":0},"end":{"line":1,"column":46}},"1":{"start":{"line":2,"column":0},"end":{"line":2,"column":35}},"2":{"start":{"line":3,"column":0},"end":{"line":3,"column":40}},"3":{"start":{"line":4,"column":0},"end":{"line":4,"column":35}},"4":{"start":{"line":5,"column":0},"end":{"line":5,"column":3}},"5":{"start":{"line":6,"column":0},"end":{"line":6,"column":1}}},"s":{"0":1,"1":1,"2":8,"3":8,"4":8,"5":1},"branchMap":{"0":{"type":"branch","line":2,"loc":{"start":{"line":2,"column":2},"end":{"line":5,"column":3}},"locations":[{"start":{"line":2,"column":2},"end":{"line":5,"column":3}}]}},"b":{"0":[8]},"fnMap":{"0":{"name":"MissingParamError","decl":{"start":{"line":2,"column":2},"end":{"line":5,"column":3}},"loc":{"start":{"line":2,"column":2},"end":{"line":5,"column":3}},"line":2}},"f":{"0":8}}
,"E:\\Users\\Paulo\\Documents\\Projetos\\Node\\clean-node-api\\src\\presentation\\erros\\server-error.ts": {"path":"E:\\Users\\Paulo\\Documents\\Projetos\\Node\\clean-node-api\\src\\presentation\\erros\\server-error.ts","all":false,"statementMap":{"0":{"start":{"line":1,"column":0},"end":{"line":1,"column":40}},"1":{"start":{"line":2,"column":0},"end":{"line":2,"column":18}},"2":{"start":{"line":3,"column":0},"end":{"line":3,"column":34}},"3":{"start":{"line":4,"column":0},"end":{"line":4,"column":29}},"4":{"start":{"line":5,"column":0},"end":{"line":5,"column":3}},"5":{"start":{"line":6,"column":0},"end":{"line":6,"column":1}}},"s":{"0":1,"1":1,"2":2,"3":2,"4":2,"5":1},"branchMap":{"0":{"type":"branch","line":2,"loc":{"start":{"line":2,"column":2},"end":{"line":5,"column":3}},"locations":[{"start":{"line":2,"column":2},"end":{"line":5,"column":3}}]}},"b":{"0":[2]},"fnMap":{"0":{"name":"ServerError","decl":{"start":{"line":2,"column":2},"end":{"line":5,"column":3}},"loc":{"start":{"line":2,"column":2},"end":{"line":5,"column":3}},"line":2}},"f":{"0":2}}
,"E:\\Users\\Paulo\\Documents\\Projetos\\Node\\clean-node-api\\src\\presentation\\helpers\\http-helper.ts": {"path":"E:\\Users\\Paulo\\Documents\\Projetos\\Node\\clean-node-api\\src\\presentation\\helpers\\http-helper.ts","all":false,"statementMap":{"0":{"start":{"line":1,"column":0},"end":{"line":1,"column":48}},"1":{"start":{"line":2,"column":0},"end":{"line":2,"column":51}},"2":{"start":{"line":3,"column":0},"end":{"line":3,"column":59}},"3":{"start":{"line":4,"column":0},"end":{"line":4,"column":10}},"4":{"start":{"line":5,"column":0},"end":{"line":5,"column":20}},"5":{"start":{"line":6,"column":0},"end":{"line":6,"column":15}},"6":{"start":{"line":7,"column":0},"end":{"line":7,"column":3}},"7":{"start":{"line":8,"column":0},"end":{"line":8,"column":1}},"8":{"start":{"line":9,"column":0},"end":{"line":9,"column":48}},"9":{"start":{"line":10,"column":0},"end":{"line":10,"column":10}},"10":{"start":{"line":11,"column":0},"end":{"line":11,"column":20}},"11":{"start":{"line":12,"column":0},"end":{"line":12,"column":27}},"12":{"start":{"line":13,"column":0},"end":{"line":13,"column":3}},"13":{"start":{"line":14,"column":0},"end":{"line":14,"column":1}}},"s":{"0":1,"1":1,"2":1,"3":6,"4":6,"5":6,"6":6,"7":6,"8":1,"9":1,"10":1,"11":1,"12":1,"13":1},"branchMap":{"0":{"type":"branch","line":3,"loc":{"start":{"line":3,"column":26},"end":{"line":8,"column":1}},"locations":[{"start":{"line":3,"column":26},"end":{"line":8,"column":1}}]},"1":{"type":"branch","line":9,"loc":{"start":{"line":9,"column":27},"end":{"line":14,"column":1}},"locations":[{"start":{"line":9,"column":27},"end":{"line":14,"column":1}}]}},"b":{"0":[6],"1":[1]},"fnMap":{"0":{"name":"badRequest","decl":{"start":{"line":3,"column":26},"end":{"line":8,"column":1}},"loc":{"start":{"line":3,"column":26},"end":{"line":8,"column":1}},"line":3},"1":{"name":"serverError","decl":{"start":{"line":9,"column":27},"end":{"line":14,"column":1}},"loc":{"start":{"line":9,"column":27},"end":{"line":14,"column":1}},"line":9}},"f":{"0":6,"1":1}}
,"E:\\Users\\Paulo\\Documents\\Projetos\\Node\\clean-node-api\\src\\presentation\\protocols\\controller.ts": {"path":"E:\\Users\\Paulo\\Documents\\Projetos\\Node\\clean-node-api\\src\\presentation\\protocols\\controller.ts","all":true,"statementMap":{"0":{"start":{"line":1,"column":0},"end":{"line":1,"column":50}},"1":{"start":{"line":2,"column":0},"end":{"line":2,"column":0}},"2":{"start":{"line":3,"column":0},"end":{"line":3,"column":28}},"3":{"start":{"line":4,"column":0},"end":{"line":4,"column":52}},"4":{"start":{"line":5,"column":0},"end":{"line":5,"column":1}}},"s":{"0":0,"1":0,"2":0,"3":0,"4":0},"branchMap":{"0":{"type":"branch","line":1,"loc":{"start":{"line":1,"column":0},"end":{"line":5,"column":1}},"locations":[{"start":{"line":1,"column":0},"end":{"line":5,"column":1}}]}},"b":{"0":[0]},"fnMap":{"0":{"name":"(empty-report)","decl":{"start":{"line":1,"column":0},"end":{"line":5,"column":1}},"loc":{"start":{"line":1,"column":0},"end":{"line":5,"column":1}},"line":1}},"f":{"0":0}}
,"E:\\Users\\Paulo\\Documents\\Projetos\\Node\\clean-node-api\\src\\presentation\\protocols\\email-validator.ts": {"path":"E:\\Users\\Paulo\\Documents\\Projetos\\Node\\clean-node-api\\src\\presentation\\protocols\\email-validator.ts","all":true,"statementMap":{"0":{"start":{"line":1,"column":0},"end":{"line":1,"column":33}},"1":{"start":{"line":2,"column":0},"end":{"line":2,"column":37}},"2":{"start":{"line":3,"column":0},"end":{"line":3,"column":1}}},"s":{"0":0,"1":0,"2":0},"branchMap":{"0":{"type":"branch","line":1,"loc":{"start":{"line":1,"column":0},"end":{"line":3,"column":1}},"locations":[{"start":{"line":1,"column":0},"end":{"line":3,"column":1}}]}},"b":{"0":[0]},"fnMap":{"0":{"name":"(empty-report)","decl":{"start":{"line":1,"column":0},"end":{"line":3,"column":1}},"loc":{"start":{"line":1,"column":0},"end":{"line":3,"column":1}},"line":1}},"f":{"0":0}}
,"E:\\Users\\Paulo\\Documents\\Projetos\\Node\\clean-node-api\\src\\presentation\\protocols\\http.ts": {"path":"E:\\Users\\Paulo\\Documents\\Projetos\\Node\\clean-node-api\\src\\presentation\\protocols\\http.ts","all":true,"statementMap":{"0":{"start":{"line":1,"column":0},"end":{"line":1,"column":30}},"1":{"start":{"line":2,"column":0},"end":{"line":2,"column":20}},"2":{"start":{"line":3,"column":0},"end":{"line":3,"column":11}},"3":{"start":{"line":4,"column":0},"end":{"line":4,"column":1}},"4":{"start":{"line":5,"column":0},"end":{"line":5,"column":0}},"5":{"start":{"line":6,"column":0},"end":{"line":6,"column":29}},"6":{"start":{"line":7,"column":0},"end":{"line":7,"column":12}},"7":{"start":{"line":8,"column":0},"end":{"line":8,"column":1}}},"s":{"0":0,"1":0,"2":0,"3":0,"4":0,"5":0,"6":0,"7":0},"branchMap":{"0":{"type":"branch","line":1,"loc":{"start":{"line":1,"column":0},"end":{"line":8,"column":1}},"locations":[{"start":{"line":1,"column":0},"end":{"line":8,"column":1}}]}},"b":{"0":[0]},"fnMap":{"0":{"name":"(empty-report)","decl":{"start":{"line":1,"column":0},"end":{"line":8,"column":1}},"loc":{"start":{"line":1,"column":0},"end":{"line":8,"column":1}},"line":1}},"f":{"0":0}}
}
