TN:
SF:src\domain\models\account.ts
FN:1,(empty-report)
FNF:1
FNH:0
FNDA:0,(empty-report)
DA:1,0
DA:2,0
DA:3,0
DA:4,0
DA:5,0
DA:6,0
LF:6
LH:0
BRDA:1,0,0,0
BRF:1
BRH:0
end_of_record
TN:
SF:src\domain\usecases\add-account.ts
FN:1,(empty-report)
FNF:1
FNH:0
FNDA:0,(empty-report)
DA:1,0
DA:2,0
DA:3,0
DA:4,0
DA:5,0
DA:6,0
DA:7,0
DA:8,0
DA:9,0
DA:10,0
LF:10
LH:0
BRDA:1,0,0,0
BRF:1
BRH:0
end_of_record
TN:
SF:src\presentation\controllers\signup\signup-protocols.ts
FN:1,(empty-report)
FNF:1
FNH:0
FNDA:0,(empty-report)
DA:1,0
DA:2,0
DA:3,0
DA:4,0
LF:4
LH:0
BRDA:1,0,0,0
BRF:1
BRH:0
end_of_record
TN:
SF:src\presentation\controllers\signup\signup.ts
FN:8,SignUpController
FN:13,handle
FNF:2
FNH:2
FNDA:9,SignUpController
FNDA:9,handle
DA:1,1
DA:2,1
DA:3,1
DA:4,1
DA:5,1
DA:6,1
DA:7,1
DA:8,1
DA:9,9
DA:10,9
DA:11,9
DA:12,1
DA:13,1
DA:14,9
DA:15,9
DA:16,9
DA:17,30
DA:18,4
DA:19,4
DA:20,30
DA:21,9
DA:22,9
DA:23,1
DA:24,1
DA:25,4
DA:26,4
DA:27,9
DA:28,2
DA:29,2
DA:30,1
DA:31,1
DA:32,1
DA:33,1
DA:34,1
DA:35,1
DA:36,1
DA:37,1
DA:38,1
DA:39,1
DA:40,1
DA:41,1
LF:41
LH:41
BRDA:8,0,0,9
BRDA:13,1,0,9
BRDA:16,2,0,30
BRDA:17,3,0,4
BRDA:22,4,0,1
BRDA:25,5,0,4
BRDA:27,6,0,2
BRDA:30,7,0,1
BRF:8
BRH:8
end_of_record
TN:
SF:src\presentation\erros\index.ts
FNF:0
FNH:0
DA:1,1
DA:2,1
DA:3,1
LF:3
LH:3
BRF:0
BRH:0
end_of_record
TN:
SF:src\presentation\erros\invalid-param-error.ts
FN:2,InvalidParamError
FNF:1
FNH:1
FNDA:5,InvalidParamError
DA:1,1
DA:2,1
DA:3,5
DA:4,5
DA:5,5
DA:6,1
LF:6
LH:6
BRDA:2,0,0,5
BRF:1
BRH:1
end_of_record
TN:
SF:src\presentation\erros\missing-param-error.ts
FN:2,MissingParamError
FNF:1
FNH:1
FNDA:9,MissingParamError
DA:1,1
DA:2,1
DA:3,9
DA:4,9
DA:5,9
DA:6,1
LF:6
LH:6
BRDA:2,0,0,9
BRF:1
BRH:1
end_of_record
TN:
SF:src\presentation\erros\server-error.ts
FN:2,ServerError
FNF:1
FNH:1
FNDA:2,ServerError
DA:1,1
DA:2,1
DA:3,2
DA:4,2
DA:5,2
DA:6,1
LF:6
LH:6
BRDA:2,0,0,2
BRF:1
BRH:1
end_of_record
TN:
SF:src\presentation\helpers\http-helper.ts
FN:3,badRequest
FN:9,serverError
FNF:2
FNH:2
FNDA:8,badRequest
FNDA:1,serverError
DA:1,1
DA:2,1
DA:3,1
DA:4,8
DA:5,8
DA:6,8
DA:7,8
DA:8,8
DA:9,1
DA:10,1
DA:11,1
DA:12,1
DA:13,1
DA:14,1
LF:14
LH:14
BRDA:3,0,0,8
BRDA:9,1,0,1
BRF:2
BRH:2
end_of_record
TN:
SF:src\presentation\protocols\controller.ts
FN:1,(empty-report)
FNF:1
FNH:0
FNDA:0,(empty-report)
DA:1,0
DA:2,0
DA:3,0
DA:4,0
DA:5,0
LF:5
LH:0
BRDA:1,0,0,0
BRF:1
BRH:0
end_of_record
TN:
SF:src\presentation\protocols\email-validator.ts
FN:1,(empty-report)
FNF:1
FNH:0
FNDA:0,(empty-report)
DA:1,0
DA:2,0
DA:3,0
LF:3
LH:0
BRDA:1,0,0,0
BRF:1
BRH:0
end_of_record
TN:
SF:src\presentation\protocols\http.ts
FN:1,(empty-report)
FNF:1
FNH:0
FNDA:0,(empty-report)
DA:1,0
DA:2,0
DA:3,0
DA:4,0
DA:5,0
DA:6,0
DA:7,0
DA:8,0
LF:8
LH:0
BRDA:1,0,0,0
BRF:1
BRH:0
end_of_record
TN:
SF:src\presentation\protocols\index.ts
FN:1,(empty-report)
FNF:1
FNH:0
FNDA:0,(empty-report)
DA:1,0
DA:2,0
LF:2
LH:0
BRDA:1,0,0,0
BRF:1
BRH:0
end_of_record
